[debug] [2018-10-05T20:45:14.158Z] ----------------------------------------------------------------------
[debug] [2018-10-05T20:45:14.160Z] Command:       C:\Program Files\nodejs\node.exe C:\Users\rperez\AppData\Roaming\npm\node_modules\firebase-tools\bin\firebase serve
[debug] [2018-10-05T20:45:14.160Z] CLI Version:   4.2.1
[debug] [2018-10-05T20:45:14.160Z] Platform:      win32
[debug] [2018-10-05T20:45:14.160Z] Node Version:  v8.11.3
[debug] [2018-10-05T20:45:14.161Z] Time:          Fri Oct 05 2018 16:45:14 GMT-0400 (Eastern Daylight Time)
[debug] [2018-10-05T20:45:14.161Z] ----------------------------------------------------------------------
[debug] 
[debug] [2018-10-05T20:45:14.170Z] > command requires scopes: ["email","openid","https://www.googleapis.com/auth/cloudplatformprojects.readonly","https://www.googleapis.com/auth/firebase","https://www.googleapis.com/auth/cloud-platform"]
[debug] [2018-10-05T20:45:14.170Z] > authorizing via signed-in user
[debug] [2018-10-05T20:45:14.173Z] >>> HTTP REQUEST GET https://admin.firebase.com/v1/projects/traintime-62ca5  
 
[debug] [2018-10-05T20:45:14.509Z] <<< HTTP RESPONSE 200
[debug] [2018-10-05T20:45:14.513Z] >>> HTTP REQUEST GET https://cloudresourcemanager.googleapis.com/v1/projects/traintime-62ca5  
 
[debug] [2018-10-05T20:45:14.921Z] <<< HTTP RESPONSE 200
[info] 
[info] === Serving from 'c:\Users\rperez\Desktop\BOOTCAMP\WEEK07\TrainTime'...
[info] 
[debug] [2018-10-05T20:45:14.927Z] >>> HTTP REQUEST GET https://mobilesdk-pa.googleapis.com/v1/projects/571646282680/clients/_:getWebAppConfig  
 
[debug] [2018-10-05T20:45:15.216Z] <<< HTTP RESPONSE 200
[info] i  hosting[traintime-62ca5]: Serving hosting files from: public
[info] +  hosting[traintime-62ca5]: Local server: http://localhost:5000
